[2026-06-03 14:28:29] SAVE | aba=UTI ADULTO | linhas=41
[2026-06-03 14:33:32] SAVE | aba=UTI ADULTO | linhas=40
[2026-06-03 16:45:06] SAVE | aba=UTI 1 | linhas=40
[2026-06-08 11:59:37] SAVE | aba=HUGO | linhas=41
[2026-06-08 13:20:34] SAVE | aba=HUGO | linhas=40
[2026-06-09 10:05:59] SAVE | aba=UTI 1 | linhas=17
[2026-06-09 10:08:03] SAVE | aba=UTI 1 | linhas=16
[2026-06-22 15:00:59] SAVE | aba=UTI 2 | linhas=17
[2026-06-22 15:15:13] SAVE | aba=UTI 2 | linhas=17
[2026-06-23 09:36:13] SAVE | aba=UTI ADULTO | linhas=41
[2026-06-23 11:23:18] AUTH | LOGIN_FAIL | tentativa=1
[2026-06-23 11:23:20] AUTH | LOGIN_FAIL | tentativa=2
[2026-06-23 11:23:30] AUTH | LOGIN_FAIL | tentativa=3
[2026-06-23 11:25:12] AUTH | LOGIN_FAIL | tentativa=4
[2026-06-23 11:28:04] AUTH | LOGIN_SUCCESS
[2026-06-24 08:34:06] AUTH | LOGIN_SUCCESS
[2026-06-24 08:34:47] SAVE_DATA | aba=CMC | linhas=17
[2026-06-24 11:34:16] AUTH | LOGIN_SUCCESS
[2026-06-24 11:34:20] SAVE_DATA | aba=CMC | linhas=17
[2026-06-24 11:36:31] SAVE_DATA | aba=CMC | linhas=17
[2026-06-24 14:36:26] AUTH | LOGIN_SUCCESS
[2026-06-24 16:19:04] AUTH | LOGIN_SUCCESS
[2026-06-24 16:19:07] SAVE_DATA | aba=2° Andar | linhas=17
[2026-06-24 16:20:57] SAVE_DATA | aba=2° Andar | linhas=17
[2026-06-24 16:34:44] SAVE_DATA | aba=2° Andar | linhas=17
